# JRE version: OpenJDK Runtime Environment (8.0_202-b03) (build 1.8.0_202-release-1483-b03)
# Java VM: OpenJDK 64-Bit Server VM (25.202-b03 mixed mode windows-amd64 compressed oops)
Heap:
 PSYoungGen      total 160768K, used 9104K [0x00000000e0000000, 0x00000000edc80000, 0x0000000100000000)
  eden space 147968K, 0% used [0x00000000e0000000,0x00000000e0000000,0x00000000e9080000)
  from space 12800K, 71% used [0x00000000e9d00000,0x00000000ea5e4238,0x00000000ea980000)
  to   space 12800K, 0% used [0x00000000e9080000,0x00000000e9080000,0x00000000e9d00000)
 ParOldGen       total 66048K, used 10314K [0x00000000a0000000, 0x00000000a4080000, 0x00000000e0000000)
  object space 66048K, 15% used [0x00000000a0000000,0x00000000a0a12af8,0x00000000a4080000)
 Metaspace       used 34564K, capacity 35308K, committed 35416K, reserved 1079296K
  class space    used 4751K, capacity 4943K, committed 4992K, reserved 1048576K
GC Heap History (10 events):
Event: 1.363 GC heap after
Heap after GC invocations=5 (full 0):
 PSYoungGen      total 71680K, used 5088K [0x00000000e0000000, 0x00000000e9900000, 0x0000000100000000)
  eden space 66560K, 0% used [0x00000000e0000000,0x00000000e0000000,0x00000000e4100000)
  from space 5120K, 99% used [0x00000000e4100000,0x00000000e45f8050,0x00000000e4600000)
  to   space 11776K, 0% used [0x00000000e8d80000,0x00000000e8d80000,0x00000000e9900000)
 ParOldGen       total 87552K, used 10227K [0x00000000a0000000, 0x00000000a5580000, 0x00000000e0000000)
  object space 87552K, 11% used [0x00000000a0000000,0x00000000a09fcd30,0x00000000a5580000)
 Metaspace       used 20761K, capacity 21120K, committed 21248K, reserved 1067008K
  class space    used 2923K, capacity 3062K, committed 3072K, reserved 1048576K
}
Event: 1.363 GC heap before
{Heap before GC invocations=6 (full 1):
 PSYoungGen      total 71680K, used 5088K [0x00000000e0000000, 0x00000000e9900000, 0x0000000100000000)
  eden space 66560K, 0% used [0x00000000e0000000,0x00000000e0000000,0x00000000e4100000)
  from space 5120K, 99% used [0x00000000e4100000,0x00000000e45f8050,0x00000000e4600000)
  to   space 11776K, 0% used [0x00000000e8d80000,0x00000000e8d80000,0x00000000e9900000)
 ParOldGen       total 87552K, used 10227K [0x00000000a0000000, 0x00000000a5580000, 0x00000000e0000000)
  object space 87552K, 11% used [0x00000000a0000000,0x00000000a09fcd30,0x00000000a5580000)
 Metaspace       used 20761K, capacity 21120K, committed 21248K, reserved 1067008K
  class space    used 2923K, capacity 3062K, committed 3072K, reserved 1048576K
Event: 1.385 GC heap after
Heap after GC invocations=6 (full 1):
 PSYoungGen      total 71680K, used 0K [0x00000000e0000000, 0x00000000e9900000, 0x0000000100000000)
  eden space 66560K, 0% used [0x00000000e0000000,0x00000000e0000000,0x00000000e4100000)
  from space 5120K, 0% used [0x00000000e4100000,0x00000000e4100000,0x00000000e4600000)
  to   space 11776K, 0% used [0x00000000e8d80000,0x00000000e8d80000,0x00000000e9900000)
 ParOldGen       total 66048K, used 10285K [0x00000000a0000000, 0x00000000a4080000, 0x00000000e0000000)
  object space 66048K, 15% used [0x00000000a0000000,0x00000000a0a0b6e0,0x00000000a4080000)
 Metaspace       used 20761K, capacity 21120K, committed 21248K, reserved 1067008K
  class space    used 2923K, capacity 3062K, committed 3072K, reserved 1048576K
}
Event: 1.907 GC heap before
{Heap before GC invocations=7 (full 1):
 PSYoungGen      total 71680K, used 66560K [0x00000000e0000000, 0x00000000e9900000, 0x0000000100000000)
  eden space 66560K, 100% used [0x00000000e0000000,0x00000000e4100000,0x00000000e4100000)
  from space 5120K, 0% used [0x00000000e4100000,0x00000000e4100000,0x00000000e4600000)
  to   space 11776K, 0% used [0x00000000e8d80000,0x00000000e8d80000,0x00000000e9900000)
 ParOldGen       total 66048K, used 10290K [0x00000000a0000000, 0x00000000a4080000, 0x00000000e0000000)
  object space 66048K, 15% used [0x00000000a0000000,0x00000000a0a0caf8,0x00000000a4080000)
 Metaspace       used 28743K, capacity 29156K, committed 29440K, reserved 1075200K
  class space    used 3877K, capacity 4043K, committed 4096K, reserved 1048576K
Event: 1.913 GC heap after
Heap after GC invocations=7 (full 1):
 PSYoungGen      total 108544K, used 7921K [0x00000000e0000000, 0x00000000e9580000, 0x0000000100000000)
  eden space 100352K, 0% used [0x00000000e0000000,0x00000000e0000000,0x00000000e6200000)
  from space 8192K, 96% used [0x00000000e8d80000,0x00000000e953c400,0x00000000e9580000)
  to   space 11776K, 0% used [0x00000000e7e80000,0x00000000e7e80000,0x00000000e8a00000)
 ParOldGen       total 66048K, used 10298K [0x00000000a0000000, 0x00000000a4080000, 0x00000000e0000000)
  object space 66048K, 15% used [0x00000000a0000000,0x00000000a0a0eaf8,0x00000000a4080000)
 Metaspace       used 28743K, capacity 29156K, committed 29440K, reserved 1075200K
  class space    used 3877K, capacity 4043K, committed 4096K, reserved 1048576K
}
Event: 2.719 GC heap before
{Heap before GC invocations=8 (full 1):
 PSYoungGen      total 108544K, used 108273K [0x00000000e0000000, 0x00000000e9580000, 0x0000000100000000)
  eden space 100352K, 100% used [0x00000000e0000000,0x00000000e6200000,0x00000000e6200000)
  from space 8192K, 96% used [0x00000000e8d80000,0x00000000e953c400,0x00000000e9580000)
  to   space 11776K, 0% used [0x00000000e7e80000,0x00000000e7e80000,0x00000000e8a00000)
 ParOldGen       total 66048K, used 10298K [0x00000000a0000000, 0x00000000a4080000, 0x00000000e0000000)
  object space 66048K, 15% used [0x00000000a0000000,0x00000000a0a0eaf8,0x00000000a4080000)
 Metaspace       used 33580K, capacity 34220K, committed 34560K, reserved 1079296K
  class space    used 4630K, capacity 4793K, committed 4864K, reserved 1048576K
Event: 2.726 GC heap after
Heap after GC invocations=8 (full 1):
 PSYoungGen      total 141312K, used 11125K [0x00000000e0000000, 0x00000000ea980000, 0x0000000100000000)
  eden space 129536K, 0% used [0x00000000e0000000,0x00000000e0000000,0x00000000e7e80000)
  from space 11776K, 94% used [0x00000000e7e80000,0x00000000e895d658,0x00000000e8a00000)
  to   space 12800K, 0% used [0x00000000e9d00000,0x00000000e9d00000,0x00000000ea980000)
 ParOldGen       total 66048K, used 10306K [0x00000000a0000000, 0x00000000a4080000, 0x00000000e0000000)
  object space 66048K, 15% used [0x00000000a0000000,0x00000000a0a10af8,0x00000000a4080000)
 Metaspace       used 33580K, capacity 34220K, committed 34560K, reserved 1079296K
  class space    used 4630K, capacity 4793K, committed 4864K, reserved 1048576K
}
Event: 2.919 GC heap before
{Heap before GC invocations=9 (full 1):
 PSYoungGen      total 141312K, used 34734K [0x00000000e0000000, 0x00000000ea980000, 0x0000000100000000)
  eden space 129536K, 18% used [0x00000000e0000000,0x00000000e170e488,0x00000000e7e80000)
  from space 11776K, 94% used [0x00000000e7e80000,0x00000000e895d658,0x00000000e8a00000)
  to   space 12800K, 0% used [0x00000000e9d00000,0x00000000e9d00000,0x00000000ea980000)
 ParOldGen       total 66048K, used 10306K [0x00000000a0000000, 0x00000000a4080000, 0x00000000e0000000)
  object space 66048K, 15% used [0x00000000a0000000,0x00000000a0a10af8,0x00000000a4080000)
 Metaspace       used 34564K, capacity 35308K, committed 35416K, reserved 1079296K
  class space    used 4751K, capacity 4943K, committed 4992K, reserved 1048576K
Event: 2.926 GC heap after
Heap after GC invocations=9 (full 1):
 PSYoungGen      total 160768K, used 9104K [0x00000000e0000000, 0x00000000edc80000, 0x0000000100000000)
  eden space 147968K, 0% used [0x00000000e0000000,0x00000000e0000000,0x00000000e9080000)
  from space 12800K, 71% used [0x00000000e9d00000,0x00000000ea5e4238,0x00000000ea980000)
  to   space 12800K, 0% used [0x00000000e9080000,0x00000000e9080000,0x00000000e9d00000)
 ParOldGen       total 66048K, used 10314K [0x00000000a0000000, 0x00000000a4080000, 0x00000000e0000000)
  object space 66048K, 15% used [0x00000000a0000000,0x00000000a0a12af8,0x00000000a4080000)
 Metaspace       used 34564K, capacity 35308K, committed 35416K, reserved 1079296K
  class space    used 4751K, capacity 4943K, committed 4992K, reserved 1048576K
}
Event: 2.926 GC heap before
{Heap before GC invocations=10 (full 2):
 PSYoungGen      total 160768K, used 9104K [0x00000000e0000000, 0x00000000edc80000, 0x0000000100000000)
  eden space 147968K, 0% used [0x00000000e0000000,0x00000000e0000000,0x00000000e9080000)
  from space 12800K, 71% used [0x00000000e9d00000,0x00000000ea5e4238,0x00000000ea980000)
  to   space 12800K, 0% used [0x00000000e9080000,0x00000000e9080000,0x00000000e9d00000)
 ParOldGen       total 66048K, used 10314K [0x00000000a0000000, 0x00000000a4080000, 0x00000000e0000000)
  object space 66048K, 15% used [0x00000000a0000000,0x00000000a0a12af8,0x00000000a4080000)
 Metaspace       used 34564K, capacity 35308K, committed 35416K, reserved 1079296K
  class space    used 4751K, capacity 4943K, committed 4992K, reserved 1048576K

